INFO - STARTING DRIVER
DEBUG - Using custom AWS credentials provider class com.amazonaws.auth.profile.ProfileCredentialsProvider
ERROR - Failed to run query: com.amazonaws.athena.jdbc.shaded.com.amazonaws.services.athena.model.InvalidRequestException: query is null or empty (Service: AmazonAthena; Status Code: 400; Error Code: InvalidRequestException; Request ID: 35439c80-0070-11e7-8c03-b32f69e59ad8)
	at com.amazonaws.athena.jdbc.shaded.com.amazonaws.http.AmazonHttpClient$RequestExecutor.handleErrorResponse(AmazonHttpClient.java:1530)
	at com.amazonaws.athena.jdbc.shaded.com.amazonaws.http.AmazonHttpClient$RequestExecutor.executeOneRequest(AmazonHttpClient.java:1168)
	at com.amazonaws.athena.jdbc.shaded.com.amazonaws.http.AmazonHttpClient$RequestExecutor.executeHelper(AmazonHttpClient.java:949)
	at com.amazonaws.athena.jdbc.shaded.com.amazonaws.http.AmazonHttpClient$RequestExecutor.doExecute(AmazonHttpClient.java:662)
	at com.amazonaws.athena.jdbc.shaded.com.amazonaws.http.AmazonHttpClient$RequestExecutor.executeWithTimer(AmazonHttpClient.java:636)
	at com.amazonaws.athena.jdbc.shaded.com.amazonaws.http.AmazonHttpClient$RequestExecutor.execute(AmazonHttpClient.java:619)
	at com.amazonaws.athena.jdbc.shaded.com.amazonaws.http.AmazonHttpClient$RequestExecutor.access$300(AmazonHttpClient.java:587)
	at com.amazonaws.athena.jdbc.shaded.com.amazonaws.http.AmazonHttpClient$RequestExecutionBuilderImpl.execute(AmazonHttpClient.java:574)
	at com.amazonaws.athena.jdbc.shaded.com.amazonaws.http.AmazonHttpClient.execute(AmazonHttpClient.java:446)
	at com.amazonaws.athena.jdbc.shaded.com.amazonaws.services.athena.AmazonAthenaClient.doInvoke(AmazonAthenaClient.java:941)
	at com.amazonaws.athena.jdbc.shaded.com.amazonaws.services.athena.AmazonAthenaClient.invoke(AmazonAthenaClient.java:917)
	at com.amazonaws.athena.jdbc.shaded.com.amazonaws.services.athena.AmazonAthenaClient.runQuery(AmazonAthenaClient.java:806)
	at com.amazonaws.athena.jdbc.AthenaServiceClient.runQuery(AthenaServiceClient.java:159)
	at com.amazonaws.athena.jdbc.AthenaQueryExecutor.startQuery(AthenaQueryExecutor.java:34)
	at com.amazonaws.athena.jdbc.AthenaConnection.startQuery(AthenaConnection.java:574)
	at com.amazonaws.athena.jdbc.AthenaStatement.execute(AthenaStatement.java:204)
	at athena_connector.AthenaConnector.execute(AthenaConnector.java:35)
	at athena_connector.AthenaCli.main(AthenaCli.java:85)

com.amazonaws.athena.jdbc.shaded.com.amazonaws.services.athena.model.InvalidRequestException: query is null or empty (Service: AmazonAthena; Status Code: 400; Error Code: InvalidRequestException; Request ID: 35439c80-0070-11e7-8c03-b32f69e59ad8)
	at com.amazonaws.athena.jdbc.shaded.com.amazonaws.http.AmazonHttpClient$RequestExecutor.handleErrorResponse(AmazonHttpClient.java:1530)
	at com.amazonaws.athena.jdbc.shaded.com.amazonaws.http.AmazonHttpClient$RequestExecutor.executeOneRequest(AmazonHttpClient.java:1168)
	at com.amazonaws.athena.jdbc.shaded.com.amazonaws.http.AmazonHttpClient$RequestExecutor.executeHelper(AmazonHttpClient.java:949)
	at com.amazonaws.athena.jdbc.shaded.com.amazonaws.http.AmazonHttpClient$RequestExecutor.doExecute(AmazonHttpClient.java:662)
	at com.amazonaws.athena.jdbc.shaded.com.amazonaws.http.AmazonHttpClient$RequestExecutor.executeWithTimer(AmazonHttpClient.java:636)
	at com.amazonaws.athena.jdbc.shaded.com.amazonaws.http.AmazonHttpClient$RequestExecutor.execute(AmazonHttpClient.java:619)
	at com.amazonaws.athena.jdbc.shaded.com.amazonaws.http.AmazonHttpClient$RequestExecutor.access$300(AmazonHttpClient.java:587)
	at com.amazonaws.athena.jdbc.shaded.com.amazonaws.http.AmazonHttpClient$RequestExecutionBuilderImpl.execute(AmazonHttpClient.java:574)
	at com.amazonaws.athena.jdbc.shaded.com.amazonaws.http.AmazonHttpClient.execute(AmazonHttpClient.java:446)
	at com.amazonaws.athena.jdbc.shaded.com.amazonaws.services.athena.AmazonAthenaClient.doInvoke(AmazonAthenaClient.java:941)
	at com.amazonaws.athena.jdbc.shaded.com.amazonaws.services.athena.AmazonAthenaClient.invoke(AmazonAthenaClient.java:917)
	at com.amazonaws.athena.jdbc.shaded.com.amazonaws.services.athena.AmazonAthenaClient.runQuery(AmazonAthenaClient.java:806)
	at com.amazonaws.athena.jdbc.AthenaServiceClient.runQuery(AthenaServiceClient.java:159)
	at com.amazonaws.athena.jdbc.AthenaQueryExecutor.startQuery(AthenaQueryExecutor.java:34)
	at com.amazonaws.athena.jdbc.AthenaConnection.startQuery(AthenaConnection.java:574)
	at com.amazonaws.athena.jdbc.AthenaStatement.execute(AthenaStatement.java:204)
	at athena_connector.AthenaConnector.execute(AthenaConnector.java:35)
	at athena_connector.AthenaCli.main(AthenaCli.java:85)
INFO - STARTING DRIVER
DEBUG - Using custom AWS credentials provider class com.amazonaws.auth.profile.ProfileCredentialsProvider
INFO - Executing Query 'select 1;
' with Execution ID: b81d59b0-e79a-4cae-87f3-b4f96f42bce9
DEBUG - Event Message: Timelog created : 0 ms
DEBUG - Event Message: Finished Checking Connection. Starting Query:  : 0 ms
DEBUG - Event Message: Query Started. : 1573 ms
DEBUG - Event Message: Checking Query Status : 1573 ms
DEBUG - Event Message: Finishing Checking Query Status : 1793 ms
DEBUG - Event Message: Sleeping until we retry. : 1793 ms
DEBUG - Event Message: Checking Query Status : 1998 ms
DEBUG - Event Message: Finishing Checking Query Status : 2194 ms
DEBUG - Event Message: Query has Completed. : 2194 ms
DEBUG - Event Message: Finished creating Result Set. : 2631 ms
DEBUG - Event Message: Finished Executing query : 2631 ms
INFO - STARTING DRIVER
DEBUG - Using custom AWS credentials provider class com.amazonaws.auth.profile.ProfileCredentialsProvider
INFO - Executing Query 'select 1
' with Execution ID: 9f079055-6778-410f-91cb-932167792d6b
DEBUG - Event Message: Timelog created : 0 ms
DEBUG - Event Message: Finished Checking Connection. Starting Query:  : 0 ms
DEBUG - Event Message: Query Started. : 3715 ms
DEBUG - Event Message: Checking Query Status : 3715 ms
DEBUG - Event Message: Finishing Checking Query Status : 3913 ms
DEBUG - Event Message: Sleeping until we retry. : 3913 ms
DEBUG - Event Message: Checking Query Status : 4117 ms
DEBUG - Event Message: Finishing Checking Query Status : 4307 ms
DEBUG - Event Message: Query has Completed. : 4307 ms
DEBUG - Event Message: Finished creating Result Set. : 4640 ms
DEBUG - Event Message: Finished Executing query : 4640 ms
